<?xml version="1.0" encoding="UTF-8"?>
<testsuite xmlns:xsi="http://www.w3.org/2001/XMLSchema-instance" xsi:noNamespaceSchemaLocation="https://maven.apache.org/surefire/maven-surefire-plugin/xsd/surefire-test-report-3.0.xsd" version="3.0" name="com.emealy.proto.emealyproto.EmealyProtoApplicationTests" time="3.009" tests="1" errors="0" skipped="0" failures="0">
  <properties>
[...]
</properties>
  <testcase name="contextLoads" classname="com.emealy.proto.emealyproto.EmealyProtoApplicationTests" time="0.969">
    <system-out><![CDATA[12:21:37.822 [main] INFO org.springframework.test.context.support.AnnotationConfigContextLoaderUtils -- Could not detect default configuration classes for test class [com.emealy.proto.emealyproto.EmealyProtoApplicationTests]: EmealyProtoApplicationTests does not declare any static, non-private, non-final, nested classes annotated with @Configuration.
12:21:37.938 [main] INFO org.springframework.boot.test.context.SpringBootTestContextBootstrapper -- Found @SpringBootConfiguration com.emealy.proto.emealyproto.EmealyProtoApplication for test class com.emealy.proto.emealyproto.EmealyProtoApplicationTests
  .   ____          _            __ _ _
 /\\ / ___'_ __ _ _(_)_ __  __ _ \ \ \ \
( ( )\___ | '_ | '_| | '_ \/ _` | \ \ \ \
 \\/  ___)| |_)| | | | | || (_| |  ) ) ) )
  '  |____| .__|_| |_|_| |_\__, | / / / /
 =========|_|==============|___/=/_/_/_/

 :: Spring Boot ::                (v3.3.0)

2024-06-05T12:21:38.414+05:30  INFO 14148 --- [emealy-proto] [           main] c.e.p.e.EmealyProtoApplicationTests      : Starting EmealyProtoApplicationTests using Java 17.0.10 with PID 14148 (started by nekuril in C:\dev\emealy-proto)
2024-06-05T12:21:38.415+05:30  INFO 14148 --- [emealy-proto] [           main] c.e.p.e.EmealyProtoApplicationTests      : No active profile set, falling back to 1 default profile: "default"
2024-06-05T12:21:39.661+05:30  INFO 14148 --- [emealy-proto] [           main] c.e.p.e.EmealyProtoApplicationTests      : Started EmealyProtoApplicationTests in 1.542 seconds (process running for 2.597)
]]></system-out>
  </testcase>
</testsuite>